2026-03-14 09:02:42 === autorun.sh started ===
2026-03-14 09:02:52 Boot settle complete
2026-03-14 09:02:52 Running gadget_setup.sh...

=== Gadget Setup Complete ===

[+] HID keyboard ready: /dev/hidg0
[+] WiFi IP: 192.168.1.132

To start the payload menu:
  sudo python3 ~/badusb_menu/payload_menu.py

Then open in browser:
  http://192.168.1.132:8080
2026-03-14 09:02:52 /dev/hidg0 is ready
2026-03-14 09:02:52 Waiting for USB host connection...
2026-03-14 09:02:54 USB host detected!
2026-03-14 09:02:57 Running payload: /home/transient/pi-badusb/test.payload.ds
Payload executed successfully. Log: /home/transient/pi-badusb/ducky.log
2026-03-14 09:03:31 === autorun.sh finished ===
2026-03-14 10:21:07 === autorun.sh started ===
2026-03-14 10:21:17 Boot settle complete
2026-03-14 10:21:17 Running gadget_setup.sh...

=== Gadget Setup Complete ===

[+] HID keyboard ready: /dev/hidg0
[+] WiFi IP: 192.168.1.132

To start the payload menu:
  sudo python3 ~/badusb_menu/payload_menu.py

Then open in browser:
  http://192.168.1.132:8080
2026-03-14 10:21:17 /dev/hidg0 is ready
2026-03-14 10:21:17 Waiting for USB host connection...
2026-03-14 10:21:19 USB host detected!
2026-03-14 10:21:22 Running payload: /home/transient/pi-badusb/test.payload.ds
Payload executed successfully. Log: /home/transient/pi-badusb/ducky.log
2026-03-14 10:21:56 === autorun.sh finished ===
2026-03-14 11:50:40 === autorun.sh started ===
2026-03-14 11:50:50 Boot settle complete
2026-03-14 11:50:50 Running gadget_setup.sh...

=== Gadget Setup Complete ===

[+] HID keyboard ready: /dev/hidg0
[+] WiFi IP: 192.168.1.132

To start the payload menu:
  sudo python3 ~/badusb_menu/payload_menu.py

Then open in browser:
  http://192.168.1.132:8080
2026-03-14 11:50:50 /dev/hidg0 is ready
2026-03-14 11:50:50 Waiting for USB host connection...
2026-03-14 11:50:52 USB host detected!
2026-03-14 11:50:55 Running payload: /home/transient/pi-badusb/test.payload.ds
Payload executed successfully. Log: /home/transient/pi-badusb/ducky.log
2026-03-14 11:51:29 === autorun.sh finished ===
