2026-03-16 19:34:17 [INFO] --- Payload start: /home/transient/pi-badusb/test.payload.ds ---
2026-03-16 19:34:17 [INFO] Line 5: DELAY 500
2026-03-16 19:34:17 [INFO] Line 6: CTRL ALT t
2026-03-16 19:34:17 [INFO] Line 7: DELAY 3000
2026-03-16 19:34:20 [INFO] Line 8: STRING ssh -i ~/.ssh/pizero_key transient@192.168.1.132
2026-03-16 19:34:21 [INFO] Line 9: ENTER 
2026-03-16 19:34:21 [INFO] Line 10: DELAY 2000
2026-03-16 19:34:23 [INFO] Line 11: STRING realshookones
2026-03-16 19:34:23 [INFO] Line 12: ENTER 
2026-03-16 19:34:23 [INFO] Line 13: DELAY 5000
2026-03-17 02:40:42 [INFO] Line 14: STRING fastfetch
2026-03-17 02:40:42 [INFO] Line 15: ENTER 
2026-03-17 02:40:43 [INFO] Line 16: DELAY 3000
2026-03-17 02:40:46 [INFO] Line 17: STRING nmcli device wifi list
2026-03-17 02:40:46 [INFO] Line 18: ENTER 
2026-03-17 02:40:46 [INFO] Line 19: DELAY 3000
2026-03-17 02:40:49 [INFO] Line 20: STRING sudo tcpdump -i wlan0
2026-03-17 02:40:49 [INFO] Line 21: ENTER 
2026-03-17 02:40:49 [INFO] Line 22: DELAY 1000
2026-03-17 02:40:50 [INFO] Line 23: CTRL ALT t
2026-03-17 02:40:50 [INFO] Line 24: DELAY 4000
2026-03-17 02:40:54 [INFO] Line 25: STRING ssh -i ~/.ssh/pizero_key transient@192.168.1.132
2026-03-17 02:40:55 [INFO] Line 26: ENTER 
2026-03-17 02:40:55 [INFO] Line 27: DELAY 3000
2026-03-17 02:40:58 [INFO] Line 28: STRING realshookones
2026-03-17 02:40:59 [INFO] Line 29: ENTER 
2026-03-17 02:40:59 [INFO] Line 30: DELAY 5000
2026-03-17 02:41:04 [INFO] Line 31: STRING tshark -i wlan0
2026-03-17 02:41:04 [INFO] Line 32: ENTER 
2026-03-17 02:41:04 [INFO] --- Payload complete: /home/transient/pi-badusb/test.payload.ds ---
2026-03-17 03:01:44 [INFO] --- Payload start: /home/transient/pi-badusb/test.payload.ds ---
2026-03-17 03:01:44 [INFO] Line 5: DELAY 500
2026-03-17 03:01:45 [INFO] Line 6: CTRL ALT t
2026-03-17 03:01:45 [INFO] Line 7: DELAY 3000
2026-03-17 03:01:48 [INFO] Line 8: STRING ssh -i ~/.ssh/pizero_key transient@192.168.1.132
2026-03-17 03:01:49 [INFO] Line 9: ENTER 
2026-03-17 03:01:49 [INFO] Line 10: DELAY 2000
2026-03-17 03:01:51 [INFO] Line 11: STRING realshookones
2026-03-17 03:01:51 [INFO] Line 12: ENTER 
2026-03-17 03:01:51 [INFO] Line 13: DELAY 5000
2026-03-17 03:02:08 [INFO] Line 14: STRING fastfetch
2026-03-17 03:02:08 [INFO] Line 15: ENTER 
2026-03-17 03:02:08 [INFO] Line 16: DELAY 3000
2026-03-17 03:02:11 [INFO] Line 17: STRING nmcli device wifi list
2026-03-17 03:02:11 [INFO] Line 18: ENTER 
2026-03-17 03:02:11 [INFO] Line 19: DELAY 3000
2026-03-17 03:02:14 [INFO] Line 20: STRING sudo tcpdump -i wlan0
2026-03-17 03:02:15 [INFO] Line 21: ENTER 
2026-03-17 03:02:15 [INFO] Line 22: DELAY 1000
2026-03-17 03:02:16 [INFO] Line 23: CTRL ALT t
2026-03-17 03:02:16 [INFO] Line 24: DELAY 4000
2026-03-17 03:02:20 [INFO] Line 25: STRING ssh -i ~/.ssh/pizero_key transient@192.168.1.132
2026-03-17 03:02:21 [INFO] Line 26: ENTER 
2026-03-17 03:02:21 [INFO] Line 27: DELAY 3000
2026-03-17 03:02:24 [INFO] Line 28: STRING realshookones
2026-03-17 03:02:24 [INFO] Line 29: ENTER 
2026-03-17 03:02:24 [INFO] Line 30: DELAY 5000
2026-03-17 03:02:29 [INFO] Line 31: STRING tshark -i wlan0
2026-03-17 03:02:29 [INFO] Line 32: ENTER 
2026-03-17 03:02:29 [INFO] --- Payload complete: /home/transient/pi-badusb/test.payload.ds ---
2026-03-17 03:13:04 [INFO] --- Payload start: /home/transient/pi-badusb/test.payload.ds ---
2026-03-17 03:13:04 [INFO] Line 5: DELAY 500
2026-03-17 03:13:04 [INFO] Line 6: CTRL ALT t
2026-03-17 03:13:04 [INFO] Line 7: DELAY 3000
2026-03-17 03:13:07 [INFO] Line 8: STRING ssh -i ~/.ssh/pizero_key transient@192.168.1.132
2026-03-17 03:13:08 [INFO] Line 9: ENTER 
2026-03-17 03:13:08 [INFO] Line 10: DELAY 2000
2026-03-17 03:13:10 [INFO] Line 11: STRING realshookones
2026-03-17 03:13:10 [INFO] Line 12: ENTER 
2026-03-17 03:13:10 [INFO] Line 13: DELAY 5000
2026-03-17 03:13:26 [INFO] Line 14: STRING fastfetch
2026-03-17 03:13:27 [INFO] Line 15: ENTER 
2026-03-17 03:13:27 [INFO] Line 16: DELAY 3000
2026-03-17 03:13:30 [INFO] Line 17: STRING nmcli device wifi list
2026-03-17 03:13:30 [INFO] Line 18: ENTER 
2026-03-17 03:13:30 [INFO] Line 19: DELAY 3000
2026-03-17 03:13:33 [INFO] Line 20: STRING sudo tcpdump -i wlan0
2026-03-17 03:13:33 [INFO] Line 21: ENTER 
2026-03-17 03:13:34 [INFO] Line 22: DELAY 1000
2026-03-17 03:13:35 [INFO] Line 23: CTRL ALT t
2026-03-17 03:13:35 [INFO] Line 24: DELAY 4000
2026-03-17 03:13:39 [INFO] Line 25: STRING ssh -i ~/.ssh/pizero_key transient@192.168.1.132
2026-03-17 03:13:40 [INFO] Line 26: ENTER 
2026-03-17 03:13:40 [INFO] Line 27: DELAY 3000
2026-03-17 03:13:43 [INFO] Line 28: STRING realshookones
2026-03-17 03:13:43 [INFO] Line 29: ENTER 
2026-03-17 03:13:43 [INFO] Line 30: DELAY 5000
2026-03-17 03:13:48 [INFO] Line 31: STRING tshark -i wlan0
2026-03-17 03:13:48 [INFO] Line 32: ENTER 
2026-03-17 03:13:48 [INFO] --- Payload complete: /home/transient/pi-badusb/test.payload.ds ---
2026-03-17 06:36:00 [INFO] --- Payload start: /home/transient/pi-badusb/test.payload.ds ---
2026-03-17 06:36:00 [INFO] Line 5: DELAY 500
2026-03-17 06:36:00 [INFO] Line 6: CTRL ALT t
2026-03-17 06:36:00 [INFO] Line 7: DELAY 3000
2026-03-17 06:36:03 [INFO] Line 8: STRING ssh -i ~/.ssh/pizero_key transient@192.168.1.132
2026-03-17 06:36:04 [INFO] Line 9: ENTER 
2026-03-17 06:36:04 [INFO] Line 10: DELAY 2000
2026-03-17 06:36:06 [INFO] Line 11: STRING realshookones
2026-03-17 06:36:07 [INFO] Line 12: ENTER 
2026-03-17 06:36:07 [INFO] Line 13: DELAY 5000
2026-03-17 06:41:21 [INFO] Line 14: STRING fastfetch
2026-03-17 06:41:21 [INFO] Line 15: ENTER 
2026-03-17 06:41:21 [INFO] Line 16: DELAY 3000
2026-03-17 06:41:24 [INFO] Line 17: STRING nmcli device wifi list
2026-03-17 06:41:24 [INFO] Line 18: ENTER 
2026-03-17 06:41:24 [INFO] Line 19: DELAY 3000
2026-03-17 06:41:27 [INFO] Line 20: STRING sudo tcpdump -i wlan0
2026-03-17 06:41:28 [INFO] Line 21: ENTER 
2026-03-17 06:41:28 [INFO] Line 22: DELAY 1000
2026-03-17 06:41:29 [INFO] Line 23: CTRL ALT t
2026-03-17 06:41:29 [INFO] Line 24: DELAY 4000
2026-03-17 06:41:33 [INFO] Line 25: STRING ssh -i ~/.ssh/pizero_key transient@192.168.1.132
2026-03-17 06:41:34 [INFO] Line 26: ENTER 
2026-03-17 06:41:34 [INFO] Line 27: DELAY 3000
2026-03-17 06:41:37 [INFO] Line 28: STRING realshookones
2026-03-17 06:41:37 [INFO] Line 29: ENTER 
2026-03-17 06:41:37 [INFO] Line 30: DELAY 5000
2026-03-17 06:41:42 [INFO] Line 31: STRING tshark -i wlan0
2026-03-17 06:41:43 [INFO] Line 32: ENTER 
2026-03-17 06:41:43 [INFO] --- Payload complete: /home/transient/pi-badusb/test.payload.ds ---
2026-03-17 10:42:08 [INFO] --- Payload start: /home/transient/pi-badusb/test.payload.ds ---
2026-03-17 10:42:08 [INFO] Line 5: DELAY 500
2026-03-17 10:42:08 [INFO] Line 6: CTRL ALT t
2026-03-17 10:42:08 [INFO] Line 7: DELAY 3000
2026-03-17 10:42:11 [INFO] Line 8: STRING ssh -i ~/.ssh/pizero_key transient@192.168.1.132
2026-03-17 10:42:12 [INFO] Line 9: ENTER 
2026-03-17 10:42:12 [INFO] Line 10: DELAY 2000
2026-03-17 10:42:14 [INFO] Line 11: STRING realshookones
2026-03-17 10:42:14 [INFO] Line 12: ENTER 
2026-03-17 10:42:14 [INFO] Line 13: DELAY 5000
2026-03-17 11:49:29 [INFO] Line 14: STRING fastfetch
2026-03-17 11:49:29 [INFO] Line 15: ENTER 
2026-03-17 11:49:29 [INFO] Line 16: DELAY 3000
2026-03-17 11:49:32 [INFO] Line 17: STRING nmcli device wifi list
2026-03-17 11:49:33 [INFO] Line 18: ENTER 
2026-03-17 11:49:33 [INFO] Line 19: DELAY 3000
2026-03-17 11:49:36 [INFO] Line 20: STRING sudo tcpdump -i wlan0
2026-03-17 11:49:36 [INFO] Line 21: ENTER 
2026-03-17 11:49:36 [INFO] Line 22: DELAY 1000
2026-03-17 11:49:37 [INFO] Line 23: CTRL ALT t
2026-03-17 11:49:37 [INFO] Line 24: DELAY 4000
2026-03-17 11:49:41 [INFO] Line 25: STRING ssh -i ~/.ssh/pizero_key transient@192.168.1.132
2026-03-17 11:49:42 [INFO] Line 26: ENTER 
2026-03-17 11:49:42 [INFO] Line 27: DELAY 3000
2026-03-17 11:49:45 [INFO] Line 28: STRING realshookones
2026-03-17 11:49:46 [INFO] Line 29: ENTER 
2026-03-17 11:49:46 [INFO] Line 30: DELAY 5000
2026-03-17 11:49:51 [INFO] Line 31: STRING tshark -i wlan0
2026-03-17 11:49:51 [INFO] Line 32: ENTER 
2026-03-17 11:49:51 [INFO] --- Payload complete: /home/transient/pi-badusb/test.payload.ds ---
