2026-03-14 19:02:32 === autorun.sh started ===
2026-03-14 19:02:42 Boot settle complete
2026-03-14 19:02:42 Running gadget_setup.sh...

=== Gadget Setup Complete ===

[+] HID keyboard ready: /dev/hidg0
[+] WiFi IP: 192.168.1.132

To start the payload menu:
  sudo python3 ~/badusb_menu/payload_menu.py

Then open in browser:
  http://192.168.1.132:8080
2026-03-14 19:02:42 /dev/hidg0 is ready
2026-03-14 19:02:42 Waiting for USB host connection...
2026-03-14 19:02:44 USB host detected!
2026-03-14 19:02:47 Running payload: /home/transient/pi-badusb/test.payload.ds
Payload executed successfully. Log: /home/transient/pi-badusb/ducky.log
2026-03-14 19:03:21 === autorun.sh finished ===
2026-03-14 20:05:48 === autorun.sh started ===
2026-03-14 20:05:58 Boot settle complete
2026-03-14 20:05:59 Running gadget_setup.sh...

=== Gadget Setup Complete ===

[+] HID keyboard ready: /dev/hidg0
[+] WiFi IP: 192.168.1.132

To start the payload menu:
  sudo python3 ~/badusb_menu/payload_menu.py

Then open in browser:
  http://192.168.1.132:8080
2026-03-14 20:05:59 /dev/hidg0 is ready
2026-03-14 20:05:59 Waiting for USB host connection...
2026-03-14 20:06:01 USB host detected!
2026-03-14 20:06:04 Running payload: /home/transient/pi-badusb/test.payload.ds
Payload executed successfully. Log: /home/transient/pi-badusb/ducky.log
2026-03-14 20:06:37 === autorun.sh finished ===
2026-03-15 00:32:16 === autorun.sh started ===
2026-03-15 00:32:26 Boot settle complete
2026-03-15 00:32:26 Running gadget_setup.sh...

=== Gadget Setup Complete ===

[+] HID keyboard ready: /dev/hidg0
[+] WiFi IP: 192.168.1.132

To start the payload menu:
  sudo python3 ~/badusb_menu/payload_menu.py

Then open in browser:
  http://192.168.1.132:8080
2026-03-15 00:32:26 /dev/hidg0 is ready
2026-03-15 00:32:26 Waiting for USB host connection...
2026-03-15 00:32:28 USB host detected!
2026-03-15 00:32:31 Running payload: /home/transient/pi-badusb/test.payload.ds
Payload executed successfully. Log: /home/transient/pi-badusb/ducky.log
2026-03-15 00:33:05 === autorun.sh finished ===
2026-03-15 04:01:51 === autorun.sh started ===
2026-03-15 04:02:01 Boot settle complete
2026-03-15 04:02:01 Running gadget_setup.sh...

=== Gadget Setup Complete ===

[+] HID keyboard ready: /dev/hidg0
[+] WiFi IP: 192.168.1.132

To start the payload menu:
  sudo python3 ~/badusb_menu/payload_menu.py

Then open in browser:
  http://192.168.1.132:8080
2026-03-15 04:02:01 /dev/hidg0 is ready
2026-03-15 04:02:01 Waiting for USB host connection...
2026-03-15 04:02:03 USB host detected!
2026-03-15 04:02:06 Running payload: /home/transient/pi-badusb/test.payload.ds
Payload executed successfully. Log: /home/transient/pi-badusb/ducky.log
2026-03-15 04:02:40 === autorun.sh finished ===
