[2026-03-13 10:06:38] MENU STARTED — safe mode active, waiting for connection
[2026-03-13 10:06:38] CONNECTION ESTABLISHED
[2026-03-13 10:06:38] DISCOVERED 0 payload(s)
[2026-03-13 10:15:51] MENU STARTED — safe mode active, waiting for connection
[2026-03-13 10:15:51] CONNECTION ESTABLISHED
[2026-03-13 10:15:51] DISCOVERED 0 payload(s)
[2026-03-13 10:16:51] DISCONNECTED
[2026-03-13 10:17:34] MENU STARTED — safe mode active, waiting for connection
[2026-03-13 10:17:34] CONNECTION ESTABLISHED
[2026-03-13 10:17:34] DISCOVERED 0 payload(s)
[2026-03-13 10:17:45] DISCONNECTED
[2026-03-13 10:19:14] MENU STARTED — safe mode active, waiting for connection
[2026-03-13 10:19:14] CONNECTION ESTABLISHED
[2026-03-13 10:19:14] DISCOVERED 0 payload(s)
[2026-03-13 10:26:15] DISCONNECTED
[2026-03-13 10:27:58] MENU STARTED — safe mode active, waiting for connection
[2026-03-13 10:27:58] CONNECTION ESTABLISHED
[2026-03-13 10:27:58] DISCOVERED 0 payload(s)
[2026-03-13 10:44:44] MENU STARTED — safe mode active, waiting for connection
[2026-03-13 10:44:44] CONNECTION ESTABLISHED
[2026-03-13 10:44:44] DISCOVERED 0 payload(s)
[2026-03-13 11:00:14] DISCONNECTED
[2026-03-13 11:00:14] MENU SHUTDOWN
[2026-03-13 11:18:47] MENU STARTED — safe mode active, waiting for connection
[2026-03-13 11:18:47] CONNECTION ESTABLISHED
[2026-03-13 11:18:47] DISCOVERED 0 payload(s)
[2026-03-13 11:20:38] DISCONNECTED
[2026-03-13 11:20:38] MENU SHUTDOWN
[2026-03-13 11:23:07] MENU STARTED — safe mode active, waiting for connection
[2026-03-13 11:23:07] CONNECTION ESTABLISHED
[2026-03-13 11:23:07] DISCOVERED 0 payload(s)
[2026-03-13 11:24:09] MENU STARTED — safe mode active, waiting for connection
[2026-03-13 11:24:09] CONNECTION ESTABLISHED
[2026-03-13 11:24:09] DISCOVERED 0 payload(s)
[2026-03-14 04:58:58] MENU STARTED — safe mode active, waiting for connection
[2026-03-14 04:58:58] CONNECTION ESTABLISHED
[2026-03-14 04:58:58] DISCOVERED 0 payload(s)
[2026-03-14 04:59:13] DISCONNECTED
[2026-03-14 04:59:13] MENU SHUTDOWN
[2026-03-14 05:00:18] MENU STARTED — safe mode active, waiting for connection
[2026-03-14 05:00:18] CONNECTION ESTABLISHED
[2026-03-14 05:00:18] DISCOVERED 0 payload(s)
[2026-03-14 05:18:34] MENU STARTED — safe mode active, waiting for connection
[2026-03-14 05:18:34] CONNECTION ESTABLISHED
[2026-03-14 05:18:34] DISCOVERED 0 payload(s)
[2026-03-14 05:19:45] DISCONNECTED
[2026-03-14 05:19:45] MENU SHUTDOWN
[2026-03-14 05:24:36] MENU STARTED — safe mode active, waiting for connection
[2026-03-14 05:24:36] CONNECTION ESTABLISHED
[2026-03-14 05:24:36] DISCOVERED 0 payload(s)
[2026-03-14 05:32:33] DISCONNECTED
[2026-03-14 05:32:33] MENU SHUTDOWN
[2026-03-14 05:32:39] MENU STARTED — safe mode active, waiting for connection
[2026-03-14 05:32:39] CONNECTION ESTABLISHED
[2026-03-14 05:32:39] DISCOVERED 0 payload(s)
[2026-03-14 05:32:44] DISCONNECTED
[2026-03-14 05:32:44] MENU SHUTDOWN
[2026-03-14 05:33:16] MENU STARTED — safe mode active, waiting for connection
[2026-03-14 05:33:16] CONNECTION ESTABLISHED
[2026-03-14 05:33:16] DISCOVERED 0 payload(s)
[2026-03-14 05:34:02] DISCONNECTED
[2026-03-14 05:34:02] MENU SHUTDOWN
[2026-03-14 05:43:38] MENU STARTED — safe mode active, waiting for connection
[2026-03-14 05:43:38] CONNECTION ESTABLISHED
[2026-03-14 05:43:38] DISCOVERED 2 payload(s)
[2026-03-14 05:46:44] DISCONNECTED
[2026-03-14 05:46:44] MENU SHUTDOWN
[2026-03-14 05:46:50] MENU STARTED — safe mode active, waiting for connection
[2026-03-14 05:46:50] CONNECTION ESTABLISHED
[2026-03-14 05:46:50] DISCOVERED 2 payload(s)
[2026-03-14 05:47:01] DISCONNECTED
[2026-03-14 05:47:01] MENU SHUTDOWN
[2026-03-14 05:51:12] MENU STARTED — safe mode active, waiting for connection
[2026-03-14 05:51:12] CONNECTION ESTABLISHED
[2026-03-14 05:51:12] DISCOVERED 2 payload(s)
[2026-03-14 05:51:41] DISCONNECTED
[2026-03-14 05:51:41] MENU SHUTDOWN
[2026-03-14 05:51:46] MENU STARTED — safe mode active, waiting for connection
[2026-03-14 05:51:46] CONNECTION ESTABLISHED
[2026-03-14 05:51:46] DISCOVERED 2 payload(s)
[2026-03-14 05:52:44] DISCONNECTED
[2026-03-14 05:52:44] MENU SHUTDOWN
[2026-03-14 05:55:04] MENU STARTED - safe mode active, waiting for connection
[2026-03-14 05:55:04] CONNECTION ESTABLISHED
[2026-03-14 05:55:04] DISCOVERED 2 payload(s)
[2026-03-14 05:55:24] DISCONNECTED
[2026-03-14 05:55:24] MENU SHUTDOWN
[2026-03-14 05:55:27] MENU STARTED - safe mode active, waiting for connection
[2026-03-14 05:55:27] CONNECTION ESTABLISHED
[2026-03-14 05:55:27] DISCOVERED 2 payload(s)
[2026-03-14 05:57:40] DISCONNECTED
[2026-03-14 05:57:40] MENU SHUTDOWN
[2026-03-14 06:22:21] MENU STARTED - web mode - safe mode active
[2026-03-14 06:22:21] DISCOVERED 2 payload(s)
[2026-03-14 06:27:59] MENU SHUTDOWN
[2026-03-14 06:50:42] MENU STARTED - web mode - safe mode active
[2026-03-14 06:50:42] DISCOVERED 2 payload(s)
[2026-03-14 06:56:25] MENU SHUTDOWN
[2026-03-14 06:56:46] MENU STARTED - web mode - safe mode active
[2026-03-14 06:56:47] DISCOVERED 2 payload(s)
[2026-03-14 06:57:53] MENU SHUTDOWN
[2026-03-14 07:30:49] MENU STARTED - web mode - safe mode active
[2026-03-14 07:30:49] DISCOVERED 2 payload(s)
[2026-03-14 07:32:20] EXECUTE: Network Scan (net_scan.py)
[2026-03-14 07:32:20] SUCCESS: Network Scan completed in 0.02s
[2026-03-14 07:32:32] EXECUTE: System Recon (recon.py)
[2026-03-14 07:32:32] SUCCESS: System Recon completed in 0.1s
[2026-03-14 07:32:58] RELOAD: 2 payload(s) found
[2026-03-14 07:35:54] EXECUTE: Network Scan (net_scan.py)
[2026-03-14 07:35:54] SUCCESS: Network Scan completed in 0.02s
[2026-03-14 07:41:34] RELOAD: 2 payload(s) found
[2026-03-14 07:42:34] MENU SHUTDOWN
[2026-03-14 08:51:11] MENU STARTED - web mode - safe mode active
[2026-03-14 08:51:11] DISCOVERED 2 payload(s)
[2026-03-14 08:51:33] RELOAD: 2 payload(s) found
[2026-03-14 08:51:37] RELOAD: 2 payload(s) found
[2026-03-14 08:52:09] EXECUTE: Network Scan (net_scan.py)
[2026-03-14 08:52:09] SUCCESS: Network Scan completed in 0.02s
[2026-03-14 08:52:29] EXECUTE: System Recon (recon.py)
[2026-03-14 08:52:29] SUCCESS: System Recon completed in 0.06s
[2026-03-14 09:01:42] RELOAD: 2 payload(s) found
[2026-03-14 09:01:50] EXECUTE: System Recon (recon.py)
[2026-03-14 09:01:50] SUCCESS: System Recon completed in 0.06s
[2026-03-14 09:02:10] MENU SHUTDOWN
[2026-03-14 09:56:24] MENU STARTED - web mode - safe mode active
[2026-03-14 09:56:24] DISCOVERED 2 payload(s)
[2026-03-14 09:57:17] MENU SHUTDOWN
[2026-03-14 09:58:52] MENU STARTED - web mode - safe mode active
[2026-03-14 09:58:52] DISCOVERED 2 payload(s)
[2026-03-14 10:00:18] MENU SHUTDOWN
[2026-03-14 10:03:45] MENU STARTED - web mode - safe mode active
[2026-03-14 10:03:45] DISCOVERED 2 payload(s)
[2026-03-14 10:05:35] EXECUTE: Network Scan (net_scan.py)
[2026-03-14 10:05:35] SUCCESS: Network Scan completed in 0.02s
[2026-03-14 10:05:45] EXECUTE: System Recon (recon.py)
[2026-03-14 10:05:45] SUCCESS: System Recon completed in 0.08s
[2026-03-14 15:11:47] MENU STARTED - web mode - safe mode active
[2026-03-14 15:11:47] DISCOVERED 2 payload(s)
[2026-03-14 15:13:50] EXECUTE: Network Scan (net_scan.py)
[2026-03-14 15:13:50] SUCCESS: Network Scan completed in 0.02s
[2026-03-14 15:14:05] EXECUTE: System Recon (recon.py)
[2026-03-14 15:14:05] SUCCESS: System Recon completed in 0.08s
[2026-03-14 15:21:08] MENU SHUTDOWN
[2026-03-14 19:30:02] MENU STARTED - web mode - safe mode active
[2026-03-14 19:30:02] DISCOVERED 2 payload(s)
[2026-03-14 19:31:56] EXECUTE: Network Scan (net_scan.py)
[2026-03-14 19:31:56] SUCCESS: Network Scan completed in 0.02s
[2026-03-14 19:32:01] EXECUTE: System Recon (recon.py)
[2026-03-14 19:32:01] SUCCESS: System Recon completed in 0.08s
[2026-03-14 23:46:59] MENU STARTED - web mode - safe mode active
[2026-03-14 23:46:59] DISCOVERED 2 payload(s)
[2026-03-14 23:47:19] EXECUTE: Network Scan (net_scan.py)
[2026-03-14 23:47:19] SUCCESS: Network Scan completed in 0.02s
[2026-03-14 23:47:21] EXECUTE: System Recon (recon.py)
[2026-03-14 23:47:21] SUCCESS: System Recon completed in 0.09s
[2026-03-14 23:50:23] RELOAD: 2 payload(s) found
[2026-03-14 23:51:15] MENU SHUTDOWN
[2026-03-16 19:31:39] MENU STARTED - web mode - safe mode active
[2026-03-16 19:31:39] DISCOVERED 2 payload(s)
[2026-03-16 19:32:09] EXECUTE: Network Scan (net_scan.py)
[2026-03-16 19:32:09] SUCCESS: Network Scan completed in 0.02s
[2026-03-16 19:32:22] EXECUTE: Network Scan (net_scan.py)
[2026-03-16 19:32:22] SUCCESS: Network Scan completed in 0.01s
[2026-03-16 19:32:24] EXECUTE: System Recon (recon.py)
[2026-03-16 19:32:24] SUCCESS: System Recon completed in 0.07s
[2026-03-16 19:33:13] MENU SHUTDOWN
[2026-03-17 04:38:03] MENU STARTED - web mode - safe mode active
[2026-03-17 04:38:03] DISCOVERED 2 payload(s)
[2026-03-17 04:38:27] MENU SHUTDOWN
